D:\PROGRAMME\PROJECT\NAR_DEMO-MASTER-VS2010\NAR_DEMO.EXE
D:\PROGRAMME\PROJECT\NAR_DEMO-MASTER-VS2010\NAR_DEMO.PDB
D:\Programme\project\NAR_Demo-master-vs2010\VisualStudio2010\..\NAR_Demo.exe
D:\Programme\project\NAR_Demo-master-vs2010\VisualStudio2010\..\NAR_Demo.pdb
D:\PROGRAMME\PROJECT\NAR_DEMO-MASTER-VS2010\VISUALSTUDIO2010\X64\RELEASE\ALPHABETATRACKER.OBJ
D:\PROGRAMME\PROJECT\NAR_DEMO-MASTER-VS2010\VISUALSTUDIO2010\X64\RELEASE\BASETHREAD.OBJ
D:\Programme\project\NAR_Demo-master-vs2010\VisualStudio2010\x64\Release\cl.command.1.tlog
D:\Programme\project\NAR_Demo-master-vs2010\VisualStudio2010\x64\Release\CL.read.1.tlog
D:\Programme\project\NAR_Demo-master-vs2010\VisualStudio2010\x64\Release\CL.write.1.tlog
D:\PROGRAMME\PROJECT\NAR_DEMO-MASTER-VS2010\VISUALSTUDIO2010\X64\RELEASE\CPUID.OBJ
D:\PROGRAMME\PROJECT\NAR_DEMO-MASTER-VS2010\VISUALSTUDIO2010\X64\RELEASE\DOG.OBJ
D:\PROGRAMME\PROJECT\NAR_DEMO-MASTER-VS2010\VISUALSTUDIO2010\X64\RELEASE\EXTRACTFEATURETHREAD.OBJ
D:\PROGRAMME\PROJECT\NAR_DEMO-MASTER-VS2010\VISUALSTUDIO2010\X64\RELEASE\KEYPOINTTHREAD.OBJ
D:\PROGRAMME\PROJECT\NAR_DEMO-MASTER-VS2010\VISUALSTUDIO2010\X64\RELEASE\KTREE.OBJ
D:\Programme\project\NAR_Demo-master-vs2010\VisualStudio2010\x64\Release\link.command.1.tlog
D:\Programme\project\NAR_Demo-master-vs2010\VisualStudio2010\x64\Release\link.read.1.tlog
D:\Programme\project\NAR_Demo-master-vs2010\VisualStudio2010\x64\Release\link.write.1.tlog
D:\PROGRAMME\PROJECT\NAR_DEMO-MASTER-VS2010\VISUALSTUDIO2010\X64\RELEASE\MAIN.OBJ
D:\Programme\project\NAR_Demo-master-vs2010\VisualStudio2010\x64\Release\mt.command.1.tlog
D:\Programme\project\NAR_Demo-master-vs2010\VisualStudio2010\x64\Release\mt.read.1.tlog
D:\Programme\project\NAR_Demo-master-vs2010\VisualStudio2010\x64\Release\mt.write.1.tlog
D:\PROGRAMME\PROJECT\NAR_DEMO-MASTER-VS2010\VISUALSTUDIO2010\X64\RELEASE\NAR.OBJ
D:\PROGRAMME\PROJECT\NAR_DEMO-MASTER-VS2010\VISUALSTUDIO2010\X64\RELEASE\NAR_DEMO.EXE.INTERMEDIATE.MANIFEST
D:\Programme\project\NAR_Demo-master-vs2010\VisualStudio2010\x64\Release\NAR_Demo.write.1.tlog
D:\PROGRAMME\PROJECT\NAR_DEMO-MASTER-VS2010\VISUALSTUDIO2010\X64\RELEASE\NAR_SIG.OBJ
D:\PROGRAMME\PROJECT\NAR_DEMO-MASTER-VS2010\VISUALSTUDIO2010\X64\RELEASE\RPOLY.OBJ
D:\PROGRAMME\PROJECT\NAR_DEMO-MASTER-VS2010\VISUALSTUDIO2010\X64\RELEASE\RPP.OBJ
D:\PROGRAMME\PROJECT\NAR_DEMO-MASTER-VS2010\VISUALSTUDIO2010\X64\RELEASE\VC100.PDB
D:\PROGRAMME\PROJECT\NAR_DEMO-MASTER-VS2010\VISUALSTUDIO2010\X64\RELEASE\VIDEOTHREAD.OBJ
